<?xml version="1.0" encoding="UTF-8"?>
<!-- Generated by org.testng.reporters.JUnitReportReporter -->
<testsuite hostname="DESKTOP-04088OG" failures="0" tests="1" name="sof304.Thi1842002.TC04" time="9.007" errors="0" timestamp="2022-04-22T22:44:00 ICT" skipped="0">
  <testcase classname="sof304.Thi1842002.TC04" name="f" time="9.007"/>
  <system-out/>
</testsuite> <!-- sof304.Thi1842002.TC04 -->
