<?xml version="1.0" encoding="UTF-8"?>
<!-- Generated by org.testng.reporters.JUnitReportReporter -->
<testsuite hostname="DESKTOP-04088OG" failures="0" tests="1" name="sof304.Thi1842002.TC03" time="2.348" errors="0" timestamp="2022-04-22T21:57:59 ICT" skipped="0">
  <testcase classname="sof304.Thi1842002.TC03" name="TaoTK" time="2.348"/>
  <system-out/>
</testsuite> <!-- sof304.Thi1842002.TC03 -->
